{
  "RSpec": {
    "coverage": {
      "/Users/sarahgarlock/turing/3mod/practice/nearest-fuel-station-7/config/environment.rb": {
        "lines": [
          null,
          1,
          null,
          null,
          1
        ]
      },
      "/Users/sarahgarlock/turing/3mod/practice/nearest-fuel-station-7/config/application.rb": {
        "lines": [
          1,
          null,
          1,
          null,
          1,
          1,
          1,
          null,
          1,
          null,
          null,
          null,
          1,
          null,
          null,
          null,
          null,
          null,
          1,
          null,
          1,
          1,
          null,
          1,
          null,
          null,
          null,
          null,
          null,
          null,
          null,
          null,
          null,
          null,
          1,
          null,
          null
        ]
      },
      "/Users/sarahgarlock/turing/3mod/practice/nearest-fuel-station-7/config/boot.rb": {
        "lines": [
          1,
          null,
          1,
          1
        ]
      },
      "/Users/sarahgarlock/turing/3mod/practice/nearest-fuel-station-7/config/environments/test.rb": {
        "lines": [
          1,
          null,
          null,
          null,
          null,
          null,
          null,
          1,
          null,
          null,
          null,
          1,
          null,
          null,
          null,
          null,
          1,
          null,
          null,
          1,
          1,
          null,
          null,
          null,
          null,
          1,
          1,
          1,
          null,
          null,
          1,
          null,
          null,
          1,
          null,
          null,
          1,
          null,
          null,
          1,
          null,
          null,
          1,
          null,
          null,
          null,
          null,
          null,
          null,
          null
        ]
      },
      "/Users/sarahgarlock/turing/3mod/practice/nearest-fuel-station-7/config/initializers/assets.rb": {
        "lines": [
          null,
          null,
          null,
          1,
          null,
          null,
          null,
          null,
          null,
          null,
          null,
          null
        ]
      },
      "/Users/sarahgarlock/turing/3mod/practice/nearest-fuel-station-7/config/initializers/content_security_policy.rb": {
        "lines": [
          null,
          null,
          null,
          null,
          null,
          null,
          null,
          null,
          null,
          null,
          null,
          null,
          null,
          null,
          null,
          null,
          null,
          null,
          null,
          null,
          null,
          null,
          null,
          null,
          null
        ]
      },
      "/Users/sarahgarlock/turing/3mod/practice/nearest-fuel-station-7/config/initializers/filter_parameter_logging.rb": {
        "lines": [
          null,
          null,
          null,
          null,
          null,
          1,
          null,
          null
        ]
      },
      "/Users/sarahgarlock/turing/3mod/practice/nearest-fuel-station-7/config/initializers/inflections.rb": {
        "lines": [
          null,
          null,
          null,
          null,
          null,
          null,
          null,
          null,
          null,
          null,
          null,
          null,
          null,
          null,
          null,
          null
        ]
      },
      "/Users/sarahgarlock/turing/3mod/practice/nearest-fuel-station-7/config/initializers/permissions_policy.rb": {
        "lines": [
          null,
          null,
          null,
          null,
          null,
          null,
          null,
          null,
          null,
          null,
          null
        ]
      },
      "/Users/sarahgarlock/turing/3mod/practice/nearest-fuel-station-7/config/routes.rb": {
        "lines": [
          1,
          1,
          1,
          null
        ]
      },
      "/Users/sarahgarlock/turing/3mod/practice/nearest-fuel-station-7/app/helpers/application_helper.rb": {
        "lines": [
          1,
          1,
          null,
          2,
          null,
          null,
          null,
          null,
          null
        ]
      },
      "/Users/sarahgarlock/turing/3mod/practice/nearest-fuel-station-7/app/controllers/welcome_controller.rb": {
        "lines": [
          1,
          1,
          null,
          null
        ]
      },
      "/Users/sarahgarlock/turing/3mod/practice/nearest-fuel-station-7/app/controllers/application_controller.rb": {
        "lines": [
          1,
          null
        ]
      },
      "/Users/sarahgarlock/turing/3mod/practice/nearest-fuel-station-7/app/controllers/search_controller.rb": {
        "lines": [
          1,
          1,
          2,
          2,
          null,
          null
        ]
      },
      "/Users/sarahgarlock/turing/3mod/practice/nearest-fuel-station-7/app/facade/search_facade.rb": {
        "lines": [
          1,
          1,
          2,
          2,
          40,
          null,
          null,
          null
        ]
      },
      "/Users/sarahgarlock/turing/3mod/practice/nearest-fuel-station-7/app/service/search_service.rb": {
        "lines": [
          1,
          null,
          1,
          2,
          null,
          null,
          1,
          2,
          2,
          null,
          null,
          1,
          2,
          2,
          null,
          null,
          null
        ]
      },
      "/Users/sarahgarlock/turing/3mod/practice/nearest-fuel-station-7/app/poros/station.rb": {
        "lines": [
          1,
          1,
          null,
          null,
          null,
          null,
          1,
          40,
          40,
          40,
          40,
          null,
          null,
          null
        ]
      },
      "/Users/sarahgarlock/turing/3mod/practice/nearest-fuel-station-7/app/facade/map_facade.rb": {
        "lines": [
          1,
          1,
          2,
          2,
          2,
          null,
          null,
          null
        ]
      },
      "/Users/sarahgarlock/turing/3mod/practice/nearest-fuel-station-7/app/service/map_service.rb": {
        "lines": [
          1,
          null,
          1,
          2,
          null,
          null,
          1,
          2,
          2,
          null,
          null,
          1,
          2,
          2,
          null,
          null,
          null
        ]
      },
      "/Users/sarahgarlock/turing/3mod/practice/nearest-fuel-station-7/app/poros/direction.rb": {
        "lines": [
          1,
          null,
          1,
          2,
          14,
          null,
          null,
          null
        ]
      }
    },
    "timestamp": 1690860513
  }
}
